######################
#config
######################
cwd = D:\v-peiwan\archive20151115\blstm_tagwe\ii_chunk
CONFIG_LOG = exp/lstmchunkwe.ii.t1/config.log
EXP_NAME = lstmchunkwe.ii.t1
NETWORK_CFG = resource/network.i50h100o40.jsn
RNN_TOOL = ../../tool_rnn/currennt_v12c/currennt/Release/currennt.exe
ROOT_DIR = exp/lstmchunkwe.ii.t1
SCRIPT_DIR = script
TAG_DICT = data/conll00.train.f.iobes.tagdict
TESTDATA = data/conll00.test.f.iobes
TEST_CFG_TEMPLATE = resource/exp.test.template.cfg
TRAINDATA = data/conll00.train.f.iobes
TRAIN_CFG_TEMPLATE = resource/exp.train.template.cfg
VALDATA = data/conll00.test.f.iobes
WORD_DICT = data/lowerworddict.conll00f_train-ldcallf100k
autosave_prefix = exp/lstmchunkwe.ii.t1/model/autosave/network_train.jsn.
evalresult_file = exp/lstmchunkwe.ii.t1/result/evalresult.txt
gpu_deviceid = -1
inputfeat_dim = 3
inputwe_dim = 50
learning_rate = 5e-3
load_featweights = none
load_lstmweights = none
load_weweights = data/weweights/weweights.blstmauen_1_g-3.epoch11
max_epochs = 1000
max_epochs_no_best = 10
model_dir = exp/lstmchunkwe.ii.t1/model
momentum = 0
parallel_sequences = 40
predict_output = exp/lstmchunkwe.ii.t1/result/test.predict
preptest_dir = exp/lstmchunkwe.ii.t1/testdata
preptrain_dir = exp/lstmchunkwe.ii.t1/traindata
prepval_dir = exp/lstmchunkwe.ii.t1/valdata
quick_report = exp/lstmchunkwe.ii.t1/quick_report.txt
recover_output = exp/lstmchunkwe.ii.t1/result/test.recover
result_dir = exp/lstmchunkwe.ii.t1/result
rnntest_cfg = exp/lstmchunkwe.ii.t1/currennt.test.cfg
rnntrain_cfg = exp/lstmchunkwe.ii.t1/currennt.train.cfg
save_featweights = exp/lstmchunkwe.ii.t1/model/network_train.jsn.featweights
save_network = exp/lstmchunkwe.ii.t1/model/network_train.jsn
save_weweights = exp/lstmchunkwe.ii.t1/model/network_train.jsn.we
test_data = exp/lstmchunkwe.ii.t1/testdata/test.nc
test_log = exp/lstmchunkwe.ii.t1/currennt.test.log
train_data = exp/lstmchunkwe.ii.t1/traindata/train.nc
train_log = exp/lstmchunkwe.ii.t1/currennt.train.log
transmatrix_file = data/conll00f.iobes.transmatrix
v_ROOT_DIR = exp/lstmchunkwe.ii.t1
val_data = exp/lstmchunkwe.ii.t1/valdata/val.nc
vocab_size = 17020
z_EVAL_RESULT = 1
z_PREP_CFG = 0
z_PREP_DATA = 0
z_QUICK_REPORT = 1
z_RECOVER_RESULT = 1
z_RNN_TEST = 0
z_RNN_TRAIN = 0
