######################
#config
######################
cwd = D:\v-peiwan\archive20151115\blstm_trainwe
CONFIG_LOG = exp/blstmauen.1.g-3/config.log
EXP_NAME = blstmauen.1.g-3
NETWORK_CFG = resource/network.i50b100o2.jsn
RNN_TOOL = ../tool_rnn/currennt_v12d/currennt/Release/currennt.exe
ROOT_DIR = exp/blstmauen.1.g-3
SCRIPT_DIR = script
TEST_CFG_TEMPLATE = resource/exp.test.template.cfg
TEST_DATA = ../data/rawtxt/conll03ner/conll03ner.test.f
TRAIN_CFG_TEMPLATE = resource/exp.train.template.cfg
TRAIN_DATA = ../data/rawtxt/ldc/ldc_train.all.f
VAL_DATA = ../data/rawtxt/ldc/ldc_dev.f
WORD_DICT = data/lowerworddict.ldcallf-cwf_130k_50dim
autosave_prefix = exp/blstmauen.1.g-3/model/autosave/network_train.jsn.
gpu_deviceid = -1
input_dim = 50
inputfeat_dim = 1
inputwe_dim = 50
learning_rate = 5e-3
load_featweights = none
load_lstmweights = none
load_weweights = data/weweights/weweights.ldcallf-cwf_130k_50dim.cwf_130k_50dim
max_epochs = 1000
max_epochs_no_best = 3
model_dir = exp/blstmauen.1.g-3/model
momentum = 0
output_dim = 2
parallel_sequences = 40
prep_fraction_endid = 20
prep_fraction_size = 1147900
prep_fraction_startid = 0
preptest_dir = exp/blstmauen.1.g-3/testdata
preptrain_dir = exp/blstmauen.1.g-3/traindata
prepval_dir = exp/blstmauen.1.g-3/valdata
replacerate = 0.2
result_dir = exp/blstmauen.1.g-3/result
rnntest_cfg = exp/blstmauen.1.g-3/currennt.test.cfg
rnntrain_cfg = exp/blstmauen.1.g-3/currennt.train.cfg
save_featweights = exp/blstmauen.1.g-3/model/network_train.jsn.featweights
save_network = exp/blstmauen.1.g-3/model/network_train.jsn
save_weweights = exp/blstmauen.1.g-3/model/network_train.jsn.we
test_data = exp/blstmauen.1.g-3/testdata/test.nc
thread_num = 6
train_data = exp/blstmauen.1.g-3/traindata/train.nc.1147900
trained_we = exp/blstmauen.1.g-3/model/autosave/network_train.jsn.epoch010.autosave.we
v_ROOT_DIR = exp/blstmauen.1.g-3
val_data = exp/blstmauen.1.g-3/valdata/val.nc
vocab_size = 113459
wedict = exp/blstmauen.1.g-3/result/we.blstmauen_1_g-3.epoch10.50dim
z_GEN_WEDICT = 1
z_PREP_CFG = 0
z_PREP_DATA = 0
z_RNN_TRAIN = 0
