######################
#config
######################
cwd = D:\v-peiwan\archive20151115\blstmtagwe\iii_ner
CONFIG_LOG = exp/lstmnerwer.iii.t1/config.log
EXP_NAME = lstmnerwer.iii.t1
NETWORK_CFG = resource/network.i50b200o17.jsn
RNN_TOOL = ../../tool_rnn/currennt_v12c/currennt/Release/currennt.exe
ROOT_DIR = exp/lstmnerwer.iii.t1
SCRIPT_DIR = script
TAG_DICT = data/tagdict.iobes.txt
TESTDATA = data/eng.testb_rf.iobes
TEST_CFG_TEMPLATE = resource/exp.test.template.cfg
TRAINDATA = data/eng.train_rf.iobes
TRAIN_CFG_TEMPLATE = resource/exp.train.template.cfg
VALDATA = data/eng.testa_rf.iobes
WORD_DICT = data/lowerworddict.nerrf.txt
autosave_prefix = exp/lstmnerwer.iii.t1/model/autosave/network_train.jsn.
evalresult_file = exp/lstmnerwer.iii.t1/result/evalresult.txt
gpu_deviceid = -1
inputfeat_dim = 3
inputwe_dim = 50
learning_rate = 5e-3
load_featweights = none
load_lstmweights = none
load_weweights = data/weweights.blstmauen_1_g-3.epoch11
max_epochs = 1000
max_epochs_no_best = 10
model_dir = exp/lstmnerwer.iii.t1/model
momentum = 0
parallel_sequences = 40
predict_output = exp/lstmnerwer.iii.t1/result/test.predict
preptest_dir = exp/lstmnerwer.iii.t1/testdata
preptrain_dir = exp/lstmnerwer.iii.t1/traindata
prepval_dir = exp/lstmnerwer.iii.t1/valdata
quick_report = exp/lstmnerwer.iii.t1/quick_report.txt
recover_output = exp/lstmnerwer.iii.t1/result/test.recover
result_dir = exp/lstmnerwer.iii.t1/result
rnntest_cfg = exp/lstmnerwer.iii.t1/currennt.test.cfg
rnntrain_cfg = exp/lstmnerwer.iii.t1/currennt.train.cfg
save_featweights = exp/lstmnerwer.iii.t1/model/network_train.jsn.featweights
save_network = exp/lstmnerwer.iii.t1/model/network_train.jsn
save_weweights = exp/lstmnerwer.iii.t1/model/network_train.jsn.we
test_data = exp/lstmnerwer.iii.t1/testdata/test.nc
test_log = exp/lstmnerwer.iii.t1/currennt.test.log
train_data = exp/lstmnerwer.iii.t1/traindata/train.nc
train_log = exp/lstmnerwer.iii.t1/currennt.train.log
transmatrix_file = data/eng.train_rf.transmatrix.t
v_ROOT_DIR = exp/lstmnerwer.iii.t1
val_data = exp/lstmnerwer.iii.t1/valdata/val.nc
vocab_size = 21723
z_EVAL_RESULT = 1
z_PREP_CFG = 1
z_PREP_DATA = 0
z_QUICK_REPORT = 1
z_RECOVER_RESULT = 1
z_RNN_TEST = 1
z_RNN_TRAIN = 1
