Started in hybrid online/batch training mode.
Data fractions (40 sequences each) will be shuffled during training.
Sequences will be shuffled within and across data fractions during training.
The trained network will be written to 'exp\lstmchunk.ii.t1\model\network_train.jsn'.
Validation error will be calculated every 1 epochs.
Test error will be calculated every 1 epochs.
Training will be stopped after 1000 epochs or if there is no new lowest validation error within 10 epochs.
Utilizing the GPU for computations with 40 sequences in parallel.
Uniform distribution with range [-0.1, 0.1]. Random seed: 985706673 Random seed shuffle: 1865970449

Reading network from 'resource\network.i50h100o40.jsn'... done.

Loading training set 'exp\lstmchunk.ii.t1\traindata\train.nc'... 
Classification task


> sort train sequences
done.
Loaded fraction:  100%
Sequences:        8936
Sequence lengths: 1..78
Total timesteps:  211727

Loading validation set 'exp\lstmchunk.ii.t1\valdata\val.nc'... 
Classification task


> sort train sequences
done.
Loaded fraction:  100%
Sequences:        2012
Sequence lengths: 1..70
Total timesteps:  47377

Loading test set 'exp\lstmchunk.ii.t1\testdata\test.nc'... 
Classification task


> sort train sequences
done.
Loaded fraction:  100%
Sequences:        2012
Sequence lengths: 1..70
Total timesteps:  47377

Creating the neural network... 
init weweights randomly


init featweights randomly

done.
Layers:
(0) input [size: 50]
(1) blstm [size: 100, bias: 0.0, weights: 40700]
(2) softmax [size: 40, bias: 0.0, weights: 4040]
(3) multiclass_classification [size: 40]
Total weights: 44740


input feat dim: 3
input we dim: 50

vocab size: 17020

Creating the optimizer... done.
Optimizer type: Steepest descent with momentum
Max training epochs:       1000
Max epochs until new best: 10
Validation error every:    1
Test error every:          1
Learning rate:             0.005
Momentum:                  0

Starting training...

 Epoch | Duration |  Training error  | Validation error |    Test error    | New best 
-------+----------+------------------+------------------+------------------+----------
     1 |      7.2 | 57.68%    54.288 | 64.32%     0.643 | 64.32%    46.637 |  yes   
     2 |      7.2 | 42.48%    33.880 | 17.43%     0.174 | 17.43%    14.175 |  yes   
     3 |      7.1 | 16.32%    13.014 | 11.54%     0.115 | 11.54%     9.277 |  yes   
     4 |      7.2 | 11.46%     9.203 |  9.77%     0.098 |  9.77%     7.820 |  yes   
     5 |      7.3 |  8.60%     7.056 |  8.47%     0.085 |  8.47%     6.779 |  yes   
     6 |      7.3 |  7.18%     5.860 |  8.01%     0.080 |  8.01%     6.431 |  yes   
     7 |      7.2 |  6.10%     5.040 |  7.59%     0.076 |  7.59%     6.098 |  yes   
     8 |      7.3 | 17.34%    21.053 | 57.90%     0.579 | 57.90%    41.799 |  no    
     9 |      7.2 | 28.77%    22.962 |  9.58%     0.096 |  9.58%     7.803 |  no    
    10 |      7.3 |  7.27%     6.028 |  8.03%     0.080 |  8.03%     6.628 |  no    
    11 |      7.3 |  5.59%     4.670 |  7.64%     0.076 |  7.64%     6.351 |  no    
    12 |      7.2 |  4.71%     3.968 |  7.50%     0.075 |  7.50%     6.207 |  yes   
    13 |      7.3 |  4.28%     3.585 |  7.94%     0.079 |  7.94%     6.631 |  no    
    14 |      7.2 |  4.07%     3.359 |  7.18%     0.072 |  7.18%     6.204 |  yes   
    15 |      7.3 |  3.59%     2.973 |  7.17%     0.072 |  7.17%     6.227 |  yes   
    16 |      7.3 |  3.16%     2.666 |  7.03%     0.070 |  7.03%     6.093 |  yes   
    17 |      7.2 |  2.96%     2.495 |  6.85%     0.068 |  6.85%     6.202 |  yes   
    18 |      7.2 |  3.22%     2.681 |  7.04%     0.070 |  7.04%     6.480 |  no    
    19 |      7.3 |  2.81%     2.345 |  6.88%     0.069 |  6.88%     6.348 |  no    
    20 |      7.3 |  2.45%     2.051 |  7.04%     0.070 |  7.04%     6.606 |  no    
    21 |      7.2 |  2.38%     1.983 |  7.14%     0.071 |  7.14%     6.627 |  no    
    22 |      7.3 |  2.05%     1.752 |  6.99%     0.070 |  6.99%     6.788 |  no    
    23 |      7.2 |  1.98%     1.670 |  6.86%     0.069 |  6.86%     6.898 |  no    
    24 |      7.2 |  6.71%     6.531 |  7.32%     0.073 |  7.32%     6.697 |  no    
    25 |      7.2 |  2.69%     2.186 |  6.87%     0.069 |  6.87%     6.533 |  no    
    26 |      7.2 |  1.95%     1.630 |  7.03%     0.070 |  7.03%     6.866 |  no    
    27 |      7.2 |  1.74%     1.477 |  7.02%     0.070 |  7.02%     7.074 |  no    

No new lowest error since 10 epochs. Training stopped.
Lowest validation error: 0.068472

Storing the trained network in 'exp\lstmchunk.ii.t1\model\network_train.jsn'... done.

