######################
#config
######################
cwd = D:\v-peiwan\archive20151115\blstmtagwe\i_pos
CONFIG_LOG = exp/blstmtagwer.i.t1/config.log
EXP_NAME = blstmtagwer.i.t1
NETWORK_CFG = resource/network.i50b200o45.jsn
RNN_TOOL = ../../tool_rnn/currennt_v12c/currennt/Release/currennt.exe
ROOT_DIR = exp/blstmtagwer.i.t1
SCRIPT_DIR = script
TAG_DICT = resource/taglist.txt
TESTDATA_RANGE = 22~24
TEST_CFG_TEMPLATE = resource/exp.test.template.v12c.cfg
TRAINDATA_RANGE = 0~18
TRAIN_CFG_TEMPLATE = resource/exp.train.template.v12c.cfg
VALDATA_RANGE = 19~21
WORD_DICT = resource/lowerworddict.WSJ_POS_PARSED_TF.txt
WSJDATA_DIR = ../../data/part-of-speech/WSJ_POS_PARSED_TF
autosave_prefix = exp/blstmtagwer.i.t1/model/autosave/network_train.jsn.
evalresult_file = exp/blstmtagwer.i.t1/result/evalresult.txt
gpu_deviceid = -1
inputfeat_dim = 3
inputwe_dim = 50
learning_rate = 5e-3
load_featweights = none
load_lstmweights = none
load_weweights = ../../data/wordembeddings/blstmwe/weweights.blstmauen_1_g-3.epoch11
max_epochs = 1000
max_epochs_no_best = 10
model_dir = exp/blstmtagwer.i.t1/model
momentum = 0
parallel_sequences = 40
predict_output = exp/blstmtagwer.i.t1/result/test.logp
preptest_dir = exp/blstmtagwer.i.t1/testdata
preptrain_dir = exp/blstmtagwer.i.t1/traindata
prepval_dir = exp/blstmtagwer.i.t1/valdata
quick_report = exp/blstmtagwer.i.t1/quick_report.txt
recover_output = exp/blstmtagwer.i.t1/result/test.recover
result_dir = exp/blstmtagwer.i.t1/result
rnntest_cfg = exp/blstmtagwer.i.t1/currennt.test.cfg
rnntrain_cfg = exp/blstmtagwer.i.t1/currennt.train.cfg
save_featweights = exp/blstmtagwer.i.t1/model/network_train.jsn.featweights
save_network = exp/blstmtagwer.i.t1/model/network_train.jsn
save_weweights = exp/blstmtagwer.i.t1/model/network_train.jsn.we
test_data = exp/blstmtagwer.i.t1/testdata/test.nc
test_log = exp/blstmtagwer.i.t1/currennt.test.log
train_data = exp/blstmtagwer.i.t1/traindata/train.nc
train_log = exp/blstmtagwer.i.t1/currennt.train.log
v_ROOT_DIR = exp/blstmtagwer.i.t1
val_data = exp/blstmtagwer.i.t1/valdata/val.nc
vocab_size = 37968
z_EVAL_RESULT = 1
z_PREP_CFG = 1
z_PREP_DATA = 0
z_QUICK_REPORT = 1
z_RECOVER_RESULT = 1
z_RNN_TEST = 1
z_RNN_TRAIN = 1
