Started in hybrid online/batch training mode.
Data fractions (40 sequences each) will be shuffled during training.
Sequences will be shuffled within and across data fractions during training.
The trained network will be written to 'exp\lstmnerwer.iii.t2\model\network_train.jsn'.
Validation error will be calculated every 1 epochs.
Test error will be calculated every 1 epochs.
Training will be stopped after 1000 epochs or if there is no new lowest validation error within 10 epochs.
Utilizing the GPU for computations with 40 sequences in parallel.
Uniform distribution with range [-0.1, 0.1]. Random seed: 2043458891 Random seed shuffle: 1865970449

Reading network from 'resource\network.i50b200o17.jsn'... done.

Loading training set 'exp\lstmnerwer.iii.t1\traindata\train.nc'... 
Classification task


> sort train sequences
done.
Loaded fraction:  100%
Sequences:        14041
Sequence lengths: 1..113
Total timesteps:  203621

Loading validation set 'exp\lstmnerwer.iii.t1\valdata\val.nc'... 
Classification task


> sort train sequences
done.
Loaded fraction:  100%
Sequences:        3250
Sequence lengths: 1..109
Total timesteps:  51362

Loading test set 'exp\lstmnerwer.iii.t1\testdata\test.nc'... 
Classification task


> sort train sequences
done.
Loaded fraction:  100%
Sequences:        3453
Sequence lengths: 1..124
Total timesteps:  46435

Creating the neural network... 
init weweights randomly


init featweights randomly

done.
Layers:
(0) input [size: 50]
(1) blstm [size: 200, bias: 0.0, weights: 121400]
(2) softmax [size: 17, bias: 0.0, weights: 3417]
(3) multiclass_classification [size: 17]
Total weights: 124817


input feat dim: 3
input we dim: 50

vocab size: 21723

Creating the optimizer... done.
Optimizer type: Steepest descent with momentum
Max training epochs:       1000
Max epochs until new best: 10
Validation error every:    1
Test error every:          1
Learning rate:             0.005
Momentum:                  0

Starting training...

 Epoch | Duration |  Training error  | Validation error |    Test error    | New best 
-------+----------+------------------+------------------+------------------+----------
     1 |     13.0 | 13.10%     6.233 | 10.20%     0.102 | 11.07%     4.278 |  yes   
     2 |     13.0 |  9.14%     3.988 |  7.34%     0.073 |  8.00%     3.367 |  yes   
     3 |     13.0 |  7.25%     3.254 |  8.01%     0.080 |  8.71%     3.592 |  no    
     4 |     12.9 |  5.75%     2.670 |  4.73%     0.047 |  5.77%     2.576 |  yes   
     5 |     13.0 |  4.56%     2.175 |  8.06%     0.081 |  9.22%     3.850 |  no    
     6 |     13.0 |  3.65%     1.780 |  3.86%     0.039 |  4.87%     2.262 |  yes   
     7 |     12.9 |  2.88%     1.432 |  3.27%     0.033 |  4.43%     2.019 |  yes   
     8 |     13.0 |  2.26%     1.165 |  3.06%     0.031 |  4.29%     2.005 |  yes   
     9 |     12.9 |  1.76%     0.918 |  2.53%     0.025 |  3.95%     1.916 |  yes   
    10 |     13.3 |  1.51%     0.796 |  2.42%     0.024 |  3.90%     1.922 |  yes   
    11 |     13.0 |  1.10%     0.583 |  2.39%     0.024 |  3.90%     1.981 |  yes   
    12 |     12.9 |  1.03%     0.542 |  2.35%     0.023 |  3.91%     1.995 |  yes   
    13 |     13.0 |  0.78%     0.425 |  2.37%     0.024 |  3.92%     2.114 |  no    
    14 |     13.0 |  0.77%     0.488 |  2.30%     0.023 |  3.78%     2.007 |  yes   
    15 |     12.9 |  0.59%     0.332 |  2.30%     0.023 |  3.81%     2.130 |  yes   
    16 |     12.9 |  0.81%     0.459 |  2.18%     0.022 |  3.65%     2.058 |  yes   
    17 |     13.0 |  0.33%     0.178 |  2.33%     0.023 |  3.87%     2.285 |  no    
    18 |     12.9 |  0.48%     0.299 |  2.26%     0.023 |  3.76%     2.186 |  no    
    19 |     13.0 |  0.23%     0.135 |  2.52%     0.025 |  4.00%     2.580 |  no    
    20 |     13.0 |  0.21%     0.113 |  2.22%     0.022 |  3.75%     2.375 |  no    
    21 |     13.0 |  0.27%     0.175 |  2.28%     0.023 |  3.93%     2.422 |  no    
    22 |     13.3 |  0.15%     0.086 |  2.19%     0.022 |  3.70%     2.421 |  no    
    23 |     13.0 |  0.12%     0.074 |  2.34%     0.023 |  3.82%     2.624 |  no    
    24 |     12.9 |  0.12%     0.073 |  2.29%     0.023 |  3.75%     2.562 |  no    
    25 |     13.0 |  0.09%     0.060 |  2.25%     0.022 |  3.78%     2.582 |  no    
    26 |     12.9 |  0.08%     0.051 |  2.28%     0.023 |  3.83%     2.681 |  no    

No new lowest error since 10 epochs. Training stopped.
Lowest validation error: 0.021787

Storing the trained network in 'exp\lstmnerwer.iii.t2\model\network_train.jsn'... done.

